<?xml version="1.0" encoding="UTF-8"?>
<!-- Generated by org.testng.reporters.JUnitReportReporter -->
<testsuite skipped="0" hostname="Abhay-PC" name="com.qa.crmpro.testcases.HomePageTest" tests="2" failures="0" timestamp="28 Aug 2020 08:17:41 GMT" time="114.767" errors="0">
  <testcase name="verifyHomePageUserNameTest" time="73.285" classname="com.qa.crmpro.testcases.HomePageTest"/>
  <testcase name="verifyHomepageTitleTest" time="41.482" classname="com.qa.crmpro.testcases.HomePageTest"/>
</testsuite> <!-- com.qa.crmpro.testcases.HomePageTest -->
