<?xml version="1.0" encoding="UTF-8"?>
<!-- Generated by org.testng.reporters.JUnitReportReporter -->
<testsuite skipped="0" hostname="Abhay-PC" name="com.qa.crmpro.testcases.LoginPageTest" tests="2" failures="0" timestamp="28 Aug 2020 08:17:41 GMT" time="83.000" errors="0">
  <testcase name="verifyLoginPageTitleTest" time="24.428" classname="com.qa.crmpro.testcases.LoginPageTest"/>
  <testcase name="loginTest" time="58.572" classname="com.qa.crmpro.testcases.LoginPageTest"/>
</testsuite> <!-- com.qa.crmpro.testcases.LoginPageTest -->
